0 info it worked if it ends with ok
1 verbose cli [ 'C:\\Program Files\\nodejs\\node.exe',
1 verbose cli   'C:\\Users\\taillan2\\AppData\\Roaming\\npm\\node_modules\\npm\\bin\\npm-cli.js',
1 verbose cli   'start' ]
2 info using npm@3.10.9
3 info using node@v6.11.0
4 verbose run-script [ 'prestart', 'start', 'poststart' ]
5 info lifecycle electron-quick-start@1.0.0~prestart: electron-quick-start@1.0.0
6 silly lifecycle electron-quick-start@1.0.0~prestart: no script for prestart, continuing
7 info lifecycle electron-quick-start@1.0.0~start: electron-quick-start@1.0.0
8 verbose lifecycle electron-quick-start@1.0.0~start: unsafe-perm in lifecycle true
9 verbose lifecycle electron-quick-start@1.0.0~start: PATH: C:\Users\taillan2\AppData\Roaming\npm\node_modules\npm\bin\node-gyp-bin;C:\tools\dashboard_new\electron-quick-start\node_modules\.bin;C:\Python34;c:\tools\cmder;C:\Program Files\Common Files\Microsoft Shared\Windows Live;C:\Program Files (x86)\Common Files\Microsoft Shared\Windows Live;C:\ProgramData\Oracle\Java\javapath;C:\Progra~1\Git\cmd;C:\Progra~1\Git\bin;C:\Users\taillan2\AppData\Local\Android\android-sdk\platform-tools;C:\Program Files\Java\jdk1.7.0_79\bin;C:\tools\apache-maven-3.3.3\bin;C:\Windows\system32;C:\Windows;C:\Windows\System32\Wbem;C:\Windows\System32\WindowsPowerShell\v1.0\;C:\Program Files\TortoiseHg\;C:\Program Files\Collaborator Client;C:\Program Files\Microsoft SQL Server\110\Tools\Binn\;"C:\Progra~1\Git\cmd";"C:\Progra~1\Git\bin";C:\Users\taillan2\AppData\Roaming\npm;C:\Program Files (x86)\Microsoft SDKs\TypeScript\1.0\;C:\Program Files\Microsoft SQL Server\120\Tools\Binn\;C:\Program Files (x86)\Windows Kits\10\Windows Performance Toolkit\;C:\Python34\Scripts;C:\Program Files (x86)\GtkSharp\2.12\bin;C:\Program Files (x86)\QuickTime\QTSystem\;C:\Program Files (x86)\Windows Live\Shared;C:\HashiCorp\Vagrant\bin;C:\Program Files\Dell\Dell Data Protection\Encryption\;C:\Program Files\TortoiseGit\bin;C:\Program Files\nodejs\;C:\Users\taillan2\AppData\Local\Programs\Python\Python36\Scripts\;C:\Users\taillan2\AppData\Local\Programs\Python\Python36\;C:\Python34;C:\Formation\Redis;C:\Progra~1\Git\cmd;C:\Progra~1\Git\bin;C:\Users\taillan2\AppData\Local\atom\bin;C:\Users\taillan2\AppData\Roaming\npm
10 verbose lifecycle electron-quick-start@1.0.0~start: CWD: C:\tools\dashboard_new\electron-quick-start
11 silly lifecycle electron-quick-start@1.0.0~start: Args: [ '/d /s /c', 'electron .' ]
12 silly lifecycle electron-quick-start@1.0.0~start: Returned: code: 3221225477  signal: null
13 info lifecycle electron-quick-start@1.0.0~start: Failed to exec start script
14 verbose stack Error: electron-quick-start@1.0.0 start: `electron .`
14 verbose stack Exit status 3221225477
14 verbose stack     at EventEmitter.<anonymous> (C:\Users\taillan2\AppData\Roaming\npm\node_modules\npm\lib\utils\lifecycle.js:255:16)
14 verbose stack     at emitTwo (events.js:106:13)
14 verbose stack     at EventEmitter.emit (events.js:191:7)
14 verbose stack     at ChildProcess.<anonymous> (C:\Users\taillan2\AppData\Roaming\npm\node_modules\npm\lib\utils\spawn.js:40:14)
14 verbose stack     at emitTwo (events.js:106:13)
14 verbose stack     at ChildProcess.emit (events.js:191:7)
14 verbose stack     at maybeClose (internal/child_process.js:891:16)
14 verbose stack     at Process.ChildProcess._handle.onexit (internal/child_process.js:226:5)
15 verbose pkgid electron-quick-start@1.0.0
16 verbose cwd C:\tools\dashboard_new\electron-quick-start
17 error Windows_NT 6.1.7601
18 error argv "C:\\Program Files\\nodejs\\node.exe" "C:\\Users\\taillan2\\AppData\\Roaming\\npm\\node_modules\\npm\\bin\\npm-cli.js" "start"
19 error node v6.11.0
20 error npm  v3.10.9
21 error code ELIFECYCLE
22 error electron-quick-start@1.0.0 start: `electron .`
22 error Exit status 3221225477
23 error Failed at the electron-quick-start@1.0.0 start script 'electron .'.
23 error Make sure you have the latest version of node.js and npm installed.
23 error If you do, this is most likely a problem with the electron-quick-start package,
23 error not with npm itself.
23 error Tell the author that this fails on your system:
23 error     electron .
23 error You can get information on how to open an issue for this project with:
23 error     npm bugs electron-quick-start
23 error Or if that isn't available, you can get their info via:
23 error     npm owner ls electron-quick-start
23 error There is likely additional logging output above.
24 verbose exit [ 1, true ]
